2015-03-09 17:17:09.708 Swap.iOS[81544:70b] warning: Ignoring invocation of an instance method on a NULL instance.
2015-03-09 17:17:09.831 Swap.iOS[81544:70b] Error loading /System/Library/Extensions/IOHIDFamily.kext/Contents/PlugIns/IOHIDLib.plugin/Contents/MacOS/IOHIDLib:  dlopen(/System/Library/Extensions/IOHIDFamily.kext/Contents/PlugIns/IOHIDLib.plugin/Contents/MacOS/IOHIDLib, 262): Symbol not found: __dealloc
  Referenced from: /System/Library/Frameworks/CoreFoundation.framework/Versions/A/CoreFoundation
  Expected in: /Applications/Xcode.app/Contents/Developer/Platforms/iPhoneSimulator.platform/Developer/SDKs/iPhoneSimulator7.1.sdk/usr/lib/libobjc.A.dylib
 in /System/Library/Frameworks/CoreFoundation.framework/Versions/A/CoreFoundation
2015-03-09 17:17:09.832 Swap.iOS[81544:70b] Cannot find function pointer IOHIDLibFactory for factory 13AA9C44-6F1B-11D4-907C-0005028F18D5 in CFBundle/CFPlugIn 0x790cde30 </System/Library/Extensions/IOHIDFamily.kext/Contents/PlugIns/IOHIDLib.plugin> (bundle, not loaded)
2015-03-09 17:17:09.836 Swap.iOS[81544:70b] Error loading /System/Library/Extensions/IOHIDFamily.kext/Contents/PlugIns/IOHIDLib.plugin/Contents/MacOS/IOHIDLib:  dlopen(/System/Library/Extensions/IOHIDFamily.kext/Contents/PlugIns/IOHIDLib.plugin/Contents/MacOS/IOHIDLib, 262): Symbol not found: __dealloc
  Referenced from: /System/Library/Frameworks/CoreFoundation.framework/Versions/A/CoreFoundation
  Expected in: /Applications/Xcode.app/Contents/Developer/Platforms/iPhoneSimulator.platform/Developer/SDKs/iPhoneSimulator7.1.sdk/usr/lib/libobjc.A.dylib
 in /System/Library/Frameworks/CoreFoundation.framework/Versions/A/CoreFoundation
2015-03-09 17:17:09.836 Swap.iOS[81544:70b] Cannot find function pointer IOHIDLibFactory for factory 13AA9C44-6F1B-11D4-907C-0005028F18D5 in CFBundle/CFPlugIn 0x790cde30 </System/Library/Extensions/IOHIDFamily.kext/Contents/PlugIns/IOHIDLib.plugin> (bundle, not loaded)
2015-03-09 17:17:09.838 Swap.iOS[81544:70b] Error loading /System/Library/Extensions/IOHIDFamily.kext/Contents/PlugIns/IOHIDLib.plugin/Contents/MacOS/IOHIDLib:  dlopen(/System/Library/Extensions/IOHIDFamily.kext/Contents/PlugIns/IOHIDLib.plugin/Contents/MacOS/IOHIDLib, 262): Symbol not found: __dealloc
  Referenced from: /System/Library/Frameworks/CoreFoundation.framework/Versions/A/CoreFoundation
  Expected in: /Applications/Xcode.app/Contents/Developer/Platforms/iPhoneSimulator.platform/Developer/SDKs/iPhoneSimulator7.1.sdk/usr/lib/libobjc.A.dylib
 in /System/Library/Frameworks/CoreFoundation.framework/Versions/A/CoreFoundation
2015-03-09 17:17:09.839 Swap.iOS[81544:70b] Cannot find function pointer IOHIDLibFactory for factory 13AA9C44-6F1B-11D4-907C-0005028F18D5 in CFBundle/CFPlugIn 0x790cde30 </System/Library/Extensions/IOHIDFamily.kext/Contents/PlugIns/IOHIDLib.plugin> (bundle, not loaded)
2015-03-09 17:17:09.841 Swap.iOS[81544:70b] Error loading /System/Library/Extensions/IOHIDFamily.kext/Contents/PlugIns/IOHIDLib.plugin/Contents/MacOS/IOHIDLib:  dlopen(/System/Library/Extensions/IOHIDFamily.kext/Contents/PlugIns/IOHIDLib.plugin/Contents/MacOS/IOHIDLib, 262): Symbol not found: __dealloc
  Referenced from: /System/Library/Frameworks/CoreFoundation.framework/Versions/A/CoreFoundation
  Expected in: /Applications/Xcode.app/Contents/Developer/Platforms/iPhoneSimulator.platform/Developer/SDKs/iPhoneSimulator7.1.sdk/usr/lib/libobjc.A.dylib
 in /System/Library/Frameworks/CoreFoundation.framework/Versions/A/CoreFoundation
2015-03-09 17:17:09.842 Swap.iOS[81544:70b] Cannot find function pointer IOHIDLibFactory for factory 13AA9C44-6F1B-11D4-907C-0005028F18D5 in CFBundle/CFPlugIn 0x790cde30 </System/Library/Extensions/IOHIDFamily.kext/Contents/PlugIns/IOHIDLib.plugin> (bundle, not loaded)
2015-03-09 17:17:09.844 Swap.iOS[81544:70b] Error loading /System/Library/Extensions/IOHIDFamily.kext/Contents/PlugIns/IOHIDLib.plugin/Contents/MacOS/IOHIDLib:  dlopen(/System/Library/Extensions/IOHIDFamily.kext/Contents/PlugIns/IOHIDLib.plugin/Contents/MacOS/IOHIDLib, 262): Symbol not found: __dealloc
  Referenced from: /System/Library/Frameworks/CoreFoundation.framework/Versions/A/CoreFoundation
  Expected in: /Applications/Xcode.app/Contents/Developer/Platforms/iPhoneSimulator.platform/Developer/SDKs/iPhoneSimulator7.1.sdk/usr/lib/libobjc.A.dylib
 in /System/Library/Frameworks/CoreFoundation.framework/Versions/A/CoreFoundation
2015-03-09 17:17:09.844 Swap.iOS[81544:70b] Cannot find function pointer IOHIDLibFactory for factory 13AA9C44-6F1B-11D4-907C-0005028F18D5 in CFBundle/CFPlugIn 0x790cde30 </System/Library/Extensions/IOHIDFamily.kext/Contents/PlugIns/IOHIDLib.plugin> (bundle, not loaded)
2015-03-09 17:17:14.963 Swap.iOS[81544:70b] warning: Ignoring invocation of an instance method on a NULL instance.
2015-03-09 17:17:14.964 Swap.iOS[81544:70b] warning: Ignoring invocation of an instance method on a NULL instance.
2015-03-09 17:17:17.535 Swap.iOS[81544:70b] warning: Ignoring invocation of an instance method on a NULL instance.
